<!DOCTYPE html PUBLIC "-//W3C//DTD XHTML 1.1//EN" "https://www.w3.org/TR/xhtml11/DTD/xhtml11.dtd">
<html xmlns="https://www.w3.org/1999/xhtml">
<head>
<meta http-equiv="content-type" content="text/html; charset=UTF-8"/>
<title>TestNG Report</title>
<style type="text/css">table {margin-bottom:10px;border-collapse:collapse;empty-cells:show}th,td {border:1px solid #009;padding:.25em .5em}th {vertical-align:bottom}td {vertical-align:top}table a {font-weight:bold}.stripe td {background-color: #E6EBF9}.num {text-align:right}.passedodd td {background-color: #3F3}.passedeven td {background-color: #0A0}.skippedodd td {background-color: #DDD}.skippedeven td {background-color: #CCC}.failedodd td,.attn {background-color: #F33}.failedeven td,.stripe .attn {background-color: #D00}.stacktrace {white-space:pre;font-family:monospace}.totop {font-size:85%;text-align:center;border-bottom:2px solid #000}.invisible {display:none}</style>
</head>
<body>
<table>
<tr><th>Test</th><th># Passed</th><th># Skipped</th><th># Retried</th><th># Failed</th><th>Time (ms)</th><th>Included Groups</th><th>Excluded Groups</th></tr>
<tr><th colspan="8">CrossBrowserSuite</th></tr>
<tr><td><a href="#t0">Chrome Test</a></td><td class="num">14</td><td class="num">0</td><td class="num attn">1</td><td class="num">0</td><td class="num">244,690</td><td></td><td></td></tr>
<tr class="stripe"><td><a href="#t1">Edge Test</a></td><td class="num">14</td><td class="num">0</td><td class="num">0</td><td class="num">0</td><td class="num">206,576</td><td></td><td></td></tr>
<tr><th>Total</th><th class="num">28</th><th class="num">0</th><th class="num attn">1</th><th class="num">0</th><th class="num">451,266</th><th colspan="2"></th></tr>
</table>
<table id='summary'><thead><tr><th>Class</th><th>Method</th><th>Start</th><th>Time (ms)</th></tr></thead><tbody><tr><th colspan="4">CrossBrowserSuite</th></tr></tbody><tbody id="t0"><tr><th colspan="4">Chrome Test &#8212; retried</th></tr><tr class="retriedeven"><td rowspan="1">testclasses.ContactsTest</td><td><a href="#m0">verifytogetRowCount</a></td><td rowspan="1">1752915354573</td><td rowspan="1">12767</td></tr><tr><th colspan="4">Chrome Test &#8212; passed</th></tr><tr class="passedeven"><td rowspan="3">testclasses.ContactsTest</td><td><a href="#m1">verifyFileUploadedfailedmsg</a></td><td rowspan="1">1752915395130</td><td rowspan="1">18520</td></tr><tr class="passedeven"><td><a href="#m2">verifyReachedSupplierPage</a></td><td rowspan="1">1752915336214</td><td rowspan="1">11946</td></tr><tr class="passedeven"><td><a href="#m3">verifytogetRowCount</a></td><td rowspan="1">1752915373820</td><td rowspan="1">15071</td></tr><tr class="passedodd"><td rowspan="2">testclasses.HomePageTest</td><td><a href="#m4">calculatorname</a></td><td rowspan="1">1752915433768</td><td rowspan="1">9041</td></tr><tr class="passedodd"><td><a href="#m5">verifyReachedUserManagementPage</a></td><td rowspan="1">1752915420790</td><td rowspan="1">8214</td></tr><tr class="passedeven"><td rowspan="7">testclasses.LoginPageTest</td><td><a href="#m6">verifyIstheremembermecheckboxenaled</a></td><td rowspan="1">1752915263749</td><td rowspan="1">76</td></tr><tr class="passedeven"><td><a href="#m7">verifyLogoDisplayed</a></td><td rowspan="1">1752915250119</td><td rowspan="1">131</td></tr><tr class="passedeven"><td><a href="#m8">verifySuccessfulLogin</a></td><td rowspan="1">1752915285363</td><td rowspan="1">6378</td></tr><tr class="passedeven"><td><a href="#m9">verifyTitleofthePage</a></td><td rowspan="1">1752915257016</td><td rowspan="1">1343</td></tr><tr class="passedeven"><td><a href="#m10">verifyUnsuccessfulLogin</a></td><td rowspan="3">1752915315880</td><td rowspan="3">1544</td></tr><tr class="passedeven"><td><a href="#m11">verifyUnsuccessfulLogin</a></td></tr><tr class="passedeven"><td><a href="#m12">verifyUnsuccessfulLogin</a></td></tr><tr class="passedodd"><td rowspan="2">testclasses.UserManagementTest</td><td><a href="#m13">verifyForAdduserstext</a></td><td rowspan="1">1752915450730</td><td rowspan="1">14425</td></tr><tr class="passedodd"><td><a href="#m14">verifynewuserCreated</a></td><td rowspan="1">1752915469853</td><td rowspan="1">17222</td></tr></tbody>
<tbody id="t1"><tr><th colspan="4">Edge Test &#8212; passed</th></tr><tr class="passedeven"><td rowspan="3">testclasses.ContactsTest</td><td><a href="#m15">verifyFileUploadedfailedmsg</a></td><td rowspan="1">1752915597264</td><td rowspan="1">16445</td></tr><tr class="passedeven"><td><a href="#m16">verifyReachedSupplierPage</a></td><td rowspan="1">1752915563936</td><td rowspan="1">8663</td></tr><tr class="passedeven"><td><a href="#m17">verifytogetRowCount</a></td><td rowspan="1">1752915579631</td><td rowspan="1">10685</td></tr><tr class="passedodd"><td rowspan="2">testclasses.HomePageTest</td><td><a href="#m18">calculatorname</a></td><td rowspan="1">1752915634874</td><td rowspan="1">6871</td></tr><tr class="passedodd"><td><a href="#m19">verifyReachedUserManagementPage</a></td><td rowspan="1">1752915623544</td><td rowspan="1">6458</td></tr><tr class="passedeven"><td rowspan="7">testclasses.LoginPageTest</td><td><a href="#m20">verifyIstheremembermecheckboxenaled</a></td><td rowspan="1">1752915511973</td><td rowspan="1">55</td></tr><tr class="passedeven"><td><a href="#m21">verifyLogoDisplayed</a></td><td rowspan="1">1752915496993</td><td rowspan="1">90</td></tr><tr class="passedeven"><td><a href="#m22">verifySuccessfulLogin</a></td><td rowspan="1">1752915517685</td><td rowspan="1">4916</td></tr><tr class="passedeven"><td><a href="#m23">verifyTitleofthePage</a></td><td rowspan="1">1752915502439</td><td rowspan="1">249</td></tr><tr class="passedeven"><td><a href="#m24">verifyUnsuccessfulLogin</a></td><td rowspan="3">1752915528941</td><td rowspan="3">1426</td></tr><tr class="passedeven"><td><a href="#m25">verifyUnsuccessfulLogin</a></td></tr><tr class="passedeven"><td><a href="#m26">verifyUnsuccessfulLogin</a></td></tr><tr class="passedodd"><td rowspan="2">testclasses.UserManagementTest</td><td><a href="#m27">verifyForAdduserstext</a></td><td rowspan="1">1752915664311</td><td rowspan="1">10366</td></tr><tr class="passedodd"><td><a href="#m28">verifynewuserCreated</a></td><td rowspan="1">1752915680845</td><td rowspan="1">13971</td></tr></tbody>
</table>
<h2>Chrome Test</h2><h3 id="m0">testclasses.ContactsTest#verifytogetRowCount</h3><table class="result"><tr><th>Exception</th></tr><tr><td><div class="stacktrace">org.openqa.selenium.TimeoutException: Expected condition failed: waiting for presence of element located by: By.xpath: //table[@id=&apos;contact_table&apos;]/tbody/tr (tried for 2 second(s) with 500 milliseconds interval)
	at org.openqa.selenium.support.ui.WebDriverWait.timeoutException(WebDriverWait.java:84)
	at org.openqa.selenium.support.ui.FluentWait.until(FluentWait.java:228)
	at utilities.WaitUtilities.presenceOfElement(WaitUtilities.java:54)
	at com.pageclasses.ContactsPage.tablerow(ContactsPage.java:80)
	at testclasses.ContactsTest.verifytogetRowCount(ContactsTest.java:42)
	at java.base/java.util.ArrayList.forEach(ArrayList.java:1596)
Caused by: org.openqa.selenium.NoSuchElementException: no such element: Unable to locate element: {&quot;method&quot;:&quot;xpath&quot;,&quot;selector&quot;:&quot;//table[@id=&apos;contact_table&apos;]/tbody/tr&quot;}
  (Session info: chrome=138.0.7204.158)
For documentation on this error, please visit: https://www.selenium.dev/documentation/webdriver/troubleshooting/errors#no-such-element-exception
Build info: version: &apos;4.28.1&apos;, revision: &apos;73f5ad48a2&apos;
System info: os.name: &apos;Windows 10&apos;, os.arch: &apos;amd64&apos;, os.version: &apos;10.0&apos;, java.version: &apos;21.0.6&apos;
Driver info: org.openqa.selenium.chrome.ChromeDriver
Command: [abd5af01f31425bde967d2d9e2a5ab9c, findElement {value=//table[@id=&apos;contact_table&apos;]/tbody/tr, using=xpath}]
Capabilities {acceptInsecureCerts: false, browserName: chrome, browserVersion: 138.0.7204.158, chrome: {chromedriverVersion: 138.0.7204.157 (e533e98b126..., userDataDir: C:\Users\LENOVO~1\AppData\L...}, fedcm:accounts: true, goog:chromeOptions: {debuggerAddress: localhost:62515}, networkConnectionEnabled: false, pageLoadStrategy: normal, platformName: windows, proxy: Proxy(), se:cdp: ws://localhost:62515/devtoo..., se:cdpVersion: 138.0.7204.158, setWindowRect: true, strictFileInteractability: false, timeouts: {implicit: 0, pageLoad: 300000, script: 30000}, unhandledPromptBehavior: dismiss and notify, webauthn:extension:credBlob: true, webauthn:extension:largeBlob: true, webauthn:extension:minPinLength: true, webauthn:extension:prf: true, webauthn:virtualAuthenticators: true}
Session ID: abd5af01f31425bde967d2d9e2a5ab9c
	at org.openqa.selenium.remote.ErrorCodec.decode(ErrorCodec.java:167)
	at org.openqa.selenium.remote.codec.w3c.W3CHttpResponseCodec.decode(W3CHttpResponseCodec.java:138)
	at org.openqa.selenium.remote.codec.w3c.W3CHttpResponseCodec.decode(W3CHttpResponseCodec.java:50)
	at org.openqa.selenium.remote.HttpCommandExecutor.execute(HttpCommandExecutor.java:215)
	at org.openqa.selenium.remote.service.DriverCommandExecutor.invokeExecute(DriverCommandExecutor.java:216)
	at org.openqa.selenium.remote.service.DriverCommandExecutor.execute(DriverCommandExecutor.java:174)
	at org.openqa.selenium.remote.RemoteWebDriver.execute(RemoteWebDriver.java:545)
	at org.openqa.selenium.remote.ElementLocation$ElementFinder$2.findElement(ElementLocation.java:165)
	at org.openqa.selenium.remote.ElementLocation.findElement(ElementLocation.java:59)
	at org.openqa.selenium.remote.RemoteWebDriver.findElement(RemoteWebDriver.java:368)
	at org.openqa.selenium.remote.RemoteWebDriver.findElement(RemoteWebDriver.java:362)
	at org.openqa.selenium.support.ui.ExpectedConditions$6.apply(ExpectedConditions.java:171)
	at org.openqa.selenium.support.ui.ExpectedConditions$6.apply(ExpectedConditions.java:168)
	at org.openqa.selenium.support.ui.FluentWait.until(FluentWait.java:203)
	... 33 more
... Removed 32 stack frames</div></td></tr></table><p class="totop"><a href="#summary">back to summary</a></p>
<h3 id="m1">testclasses.ContactsTest#verifyFileUploadedfailedmsg</h3><table class="result"><tr><th class="invisible"/></tr></table><p class="totop"><a href="#summary">back to summary</a></p>
<h3 id="m2">testclasses.ContactsTest#verifyReachedSupplierPage</h3><table class="result"><tr><th class="invisible"/></tr></table><p class="totop"><a href="#summary">back to summary</a></p>
<h3 id="m3">testclasses.ContactsTest#verifytogetRowCount</h3><table class="result"><tr><th class="invisible"/></tr></table><p class="totop"><a href="#summary">back to summary</a></p>
<h3 id="m4">testclasses.HomePageTest#calculatorname</h3><table class="result"><tr><th class="invisible"/></tr></table><p class="totop"><a href="#summary">back to summary</a></p>
<h3 id="m5">testclasses.HomePageTest#verifyReachedUserManagementPage</h3><table class="result"><tr><th class="invisible"/></tr></table><p class="totop"><a href="#summary">back to summary</a></p>
<h3 id="m6">testclasses.LoginPageTest#verifyIstheremembermecheckboxenaled</h3><table class="result"><tr><th class="invisible"/></tr></table><p class="totop"><a href="#summary">back to summary</a></p>
<h3 id="m7">testclasses.LoginPageTest#verifyLogoDisplayed</h3><table class="result"><tr><th class="invisible"/></tr></table><p class="totop"><a href="#summary">back to summary</a></p>
<h3 id="m8">testclasses.LoginPageTest#verifySuccessfulLogin</h3><table class="result"><tr><th class="invisible"/></tr></table><p class="totop"><a href="#summary">back to summary</a></p>
<h3 id="m9">testclasses.LoginPageTest#verifyTitleofthePage</h3><table class="result"><tr><th class="invisible"/></tr></table><p class="totop"><a href="#summary">back to summary</a></p>
<h3 id="m10">testclasses.LoginPageTest#verifyUnsuccessfulLogin</h3><table class="result"><tr class="param"><th>Parameter #1</th><th>Parameter #2</th></tr><tr class="param stripe"><td>admi</td><td>123456</td></tr></table><p class="totop"><a href="#summary">back to summary</a></p>
<h3 id="m11">testclasses.LoginPageTest#verifyUnsuccessfulLogin</h3><table class="result"><tr class="param"><th>Parameter #1</th><th>Parameter #2</th></tr><tr class="param stripe"><td>admin</td><td>123</td></tr></table><p class="totop"><a href="#summary">back to summary</a></p>
<h3 id="m12">testclasses.LoginPageTest#verifyUnsuccessfulLogin</h3><table class="result"><tr class="param"><th>Parameter #1</th><th>Parameter #2</th></tr><tr class="param stripe"><td>admin</td><td>admin</td></tr></table><p class="totop"><a href="#summary">back to summary</a></p>
<h3 id="m13">testclasses.UserManagementTest#verifyForAdduserstext</h3><table class="result"><tr><th class="invisible"/></tr></table><p class="totop"><a href="#summary">back to summary</a></p>
<h3 id="m14">testclasses.UserManagementTest#verifynewuserCreated</h3><table class="result"><tr><th class="invisible"/></tr></table><p class="totop"><a href="#summary">back to summary</a></p>
<h2>Edge Test</h2><h3 id="m15">testclasses.ContactsTest#verifyFileUploadedfailedmsg</h3><table class="result"><tr><th class="invisible"/></tr></table><p class="totop"><a href="#summary">back to summary</a></p>
<h3 id="m16">testclasses.ContactsTest#verifyReachedSupplierPage</h3><table class="result"><tr><th class="invisible"/></tr></table><p class="totop"><a href="#summary">back to summary</a></p>
<h3 id="m17">testclasses.ContactsTest#verifytogetRowCount</h3><table class="result"><tr><th class="invisible"/></tr></table><p class="totop"><a href="#summary">back to summary</a></p>
<h3 id="m18">testclasses.HomePageTest#calculatorname</h3><table class="result"><tr><th class="invisible"/></tr></table><p class="totop"><a href="#summary">back to summary</a></p>
<h3 id="m19">testclasses.HomePageTest#verifyReachedUserManagementPage</h3><table class="result"><tr><th class="invisible"/></tr></table><p class="totop"><a href="#summary">back to summary</a></p>
<h3 id="m20">testclasses.LoginPageTest#verifyIstheremembermecheckboxenaled</h3><table class="result"><tr><th class="invisible"/></tr></table><p class="totop"><a href="#summary">back to summary</a></p>
<h3 id="m21">testclasses.LoginPageTest#verifyLogoDisplayed</h3><table class="result"><tr><th class="invisible"/></tr></table><p class="totop"><a href="#summary">back to summary</a></p>
<h3 id="m22">testclasses.LoginPageTest#verifySuccessfulLogin</h3><table class="result"><tr><th class="invisible"/></tr></table><p class="totop"><a href="#summary">back to summary</a></p>
<h3 id="m23">testclasses.LoginPageTest#verifyTitleofthePage</h3><table class="result"><tr><th class="invisible"/></tr></table><p class="totop"><a href="#summary">back to summary</a></p>
<h3 id="m24">testclasses.LoginPageTest#verifyUnsuccessfulLogin</h3><table class="result"><tr class="param"><th>Parameter #1</th><th>Parameter #2</th></tr><tr class="param stripe"><td>admin</td><td>123</td></tr></table><p class="totop"><a href="#summary">back to summary</a></p>
<h3 id="m25">testclasses.LoginPageTest#verifyUnsuccessfulLogin</h3><table class="result"><tr class="param"><th>Parameter #1</th><th>Parameter #2</th></tr><tr class="param stripe"><td>admi</td><td>123456</td></tr></table><p class="totop"><a href="#summary">back to summary</a></p>
<h3 id="m26">testclasses.LoginPageTest#verifyUnsuccessfulLogin</h3><table class="result"><tr class="param"><th>Parameter #1</th><th>Parameter #2</th></tr><tr class="param stripe"><td>admin</td><td>admin</td></tr></table><p class="totop"><a href="#summary">back to summary</a></p>
<h3 id="m27">testclasses.UserManagementTest#verifyForAdduserstext</h3><table class="result"><tr><th class="invisible"/></tr></table><p class="totop"><a href="#summary">back to summary</a></p>
<h3 id="m28">testclasses.UserManagementTest#verifynewuserCreated</h3><table class="result"><tr><th class="invisible"/></tr></table><p class="totop"><a href="#summary">back to summary</a></p>
</body>
</html>
